This file contains any messages produced by compilers while
running configure, to aid debugging if configure makes a mistake.

It was created by OpenFst configure 1.6.5, which was
generated by GNU Autoconf 2.69.  Invocation command line was

  $ ./configure --enable-python

## --------- ##
## Platform. ##
## --------- ##

hostname = training-Silverback-WS
uname -m = x86_64
uname -r = 4.10.0-42-generic
uname -s = Linux
uname -v = #46~16.04.1-Ubuntu SMP Mon Dec 4 15:57:59 UTC 2017

/usr/bin/uname -p = unknown
/bin/uname -X     = unknown

/bin/arch              = unknown
/usr/bin/arch -k       = unknown
/usr/convex/getsysinfo = unknown
/usr/bin/hostinfo      = unknown
/bin/machine           = unknown
/usr/bin/oslevel       = unknown
/bin/universe          = unknown

PATH: /home/galv/miniconda2/bin
PATH: /home/galv/.cabal/bin
PATH: /usr/local/cuda/bin/
PATH: /home/galv/development/galvASR/venv/bin
PATH: /home/galv/miniconda2/bin
PATH: /home/galv/.cabal/bin
PATH: /usr/local/cuda/bin/
PATH: /home/galv/bin
PATH: /home/galv/.local/bin
PATH: /home/galv/miniconda2/bin
PATH: /home/galv/.cabal/bin
PATH: /usr/local/cuda/bin/
PATH: /usr/local/sbin
PATH: /usr/local/bin
PATH: /usr/sbin
PATH: /usr/bin
PATH: /sbin
PATH: /bin
PATH: /usr/games
PATH: /usr/local/games
PATH: /snap/bin


## ----------- ##
## Core tests. ##
## ----------- ##

configure:2385: checking for a BSD-compatible install
configure:2453: result: /usr/bin/install -c
configure:2464: checking whether build environment is sane
configure:2519: result: yes
configure:2670: checking for a thread-safe mkdir -p
configure:2709: result: /bin/mkdir -p
configure:2716: checking for gawk
configure:2732: found /usr/bin/gawk
configure:2743: result: gawk
configure:2754: checking whether make sets $(MAKE)
configure:2776: result: yes
configure:2805: checking whether make supports nested variables
configure:2822: result: yes
configure:2959: checking for style of include used by make
configure:2987: result: GNU
configure:3058: checking for gcc
configure:3085: result: /usr/lib/ccache/gcc
configure:3314: checking for C compiler version
configure:3323: /usr/lib/ccache/gcc --version >&5
gcc (Ubuntu 5.4.0-6ubuntu1~16.04.5) 5.4.0 20160609
Copyright (C) 2015 Free Software Foundation, Inc.
This is free software; see the source for copying conditions.  There is NO
warranty; not even for MERCHANTABILITY or FITNESS FOR A PARTICULAR PURPOSE.

configure:3334: $? = 0
configure:3323: /usr/lib/ccache/gcc -v >&5
Using built-in specs.
COLLECT_GCC=/usr/bin/gcc
COLLECT_LTO_WRAPPER=/usr/lib/gcc/x86_64-linux-gnu/5/lto-wrapper
Target: x86_64-linux-gnu
Configured with: ../src/configure -v --with-pkgversion='Ubuntu 5.4.0-6ubuntu1~16.04.5' --with-bugurl=file:///usr/share/doc/gcc-5/README.Bugs --enable-languages=c,ada,c++,java,go,d,fortran,objc,obj-c++ --prefix=/usr --program-suffix=-5 --enable-shared --enable-linker-build-id --libexecdir=/usr/lib --without-included-gettext --enable-threads=posix --libdir=/usr/lib --enable-nls --with-sysroot=/ --enable-clocale=gnu --enable-libstdcxx-debug --enable-libstdcxx-time=yes --with-default-libstdcxx-abi=new --enable-gnu-unique-object --disable-vtable-verify --enable-libmpx --enable-plugin --with-system-zlib --disable-browser-plugin --enable-java-awt=gtk --enable-gtk-cairo --with-java-home=/usr/lib/jvm/java-1.5.0-gcj-5-amd64/jre --enable-java-home --with-jvm-root-dir=/usr/lib/jvm/java-1.5.0-gcj-5-amd64 --with-jvm-jar-dir=/usr/lib/jvm-exports/java-1.5.0-gcj-5-amd64 --with-arch-directory=amd64 --with-ecj-jar=/usr/share/java/eclipse-ecj.jar --enable-objc-gc --enable-multiarch --disable-werror --with-arch-32=i686 --with-abi=m64 --with-multilib-list=m32,m64,mx32 --enable-multilib --with-tune=generic --enable-checking=release --build=x86_64-linux-gnu --host=x86_64-linux-gnu --target=x86_64-linux-gnu
Thread model: posix
gcc version 5.4.0 20160609 (Ubuntu 5.4.0-6ubuntu1~16.04.5) 
configure:3334: $? = 0
configure:3323: /usr/lib/ccache/gcc -V >&5
gcc: error: unrecognized command line option '-V'
gcc: fatal error: no input files
compilation terminated.
configure:3334: $? = 1
configure:3323: /usr/lib/ccache/gcc -qversion >&5
gcc: error: unrecognized command line option '-qversion'
gcc: fatal error: no input files
compilation terminated.
configure:3334: $? = 1
configure:3354: checking whether the C compiler works
configure:3376: /usr/lib/ccache/gcc    conftest.c  >&5
configure:3380: $? = 0
configure:3428: result: yes
configure:3431: checking for C compiler default output file name
configure:3433: result: a.out
configure:3439: checking for suffix of executables
configure:3446: /usr/lib/ccache/gcc -o conftest    conftest.c  >&5
configure:3450: $? = 0
configure:3472: result: 
configure:3494: checking whether we are cross compiling
configure:3502: /usr/lib/ccache/gcc -o conftest    conftest.c  >&5
configure:3506: $? = 0
configure:3513: ./conftest
configure:3517: $? = 0
configure:3532: result: no
configure:3537: checking for suffix of object files
configure:3559: /usr/lib/ccache/gcc -c   conftest.c >&5
configure:3563: $? = 0
configure:3584: result: o
configure:3588: checking whether we are using the GNU C compiler
configure:3607: /usr/lib/ccache/gcc -c   conftest.c >&5
configure:3607: $? = 0
configure:3616: result: yes
configure:3625: checking whether /usr/lib/ccache/gcc accepts -g
configure:3645: /usr/lib/ccache/gcc -c -g  conftest.c >&5
configure:3645: $? = 0
configure:3686: result: yes
configure:3703: checking for /usr/lib/ccache/gcc option to accept ISO C89
configure:3766: /usr/lib/ccache/gcc  -c -g -O2  conftest.c >&5
configure:3766: $? = 0
configure:3779: result: none needed
configure:3804: checking whether /usr/lib/ccache/gcc understands -c and -o together
configure:3826: /usr/lib/ccache/gcc -c conftest.c -o conftest2.o
configure:3829: $? = 0
configure:3826: /usr/lib/ccache/gcc -c conftest.c -o conftest2.o
configure:3829: $? = 0
configure:3841: result: yes
configure:3860: checking dependency style of /usr/lib/ccache/gcc
configure:3971: result: gcc3
configure:4036: checking for ar
configure:4052: found /usr/bin/ar
configure:4063: result: ar
configure:4089: checking the archiver (ar) interface
configure:4105: /usr/lib/ccache/gcc -c -g -O2  conftest.c >&5
configure:4105: $? = 0
configure:4107: ar cru libconftest.a conftest.o >&5
ar: `u' modifier ignored since `D' is the default (see `U')
configure:4110: $? = 0
configure:4138: result: ar
configure:4277: checking for C++ compiler version
configure:4286: /usr/lib/ccache/g++ --version >&5
g++ (Ubuntu 5.4.0-6ubuntu1~16.04.5) 5.4.0 20160609
Copyright (C) 2015 Free Software Foundation, Inc.
This is free software; see the source for copying conditions.  There is NO
warranty; not even for MERCHANTABILITY or FITNESS FOR A PARTICULAR PURPOSE.

configure:4297: $? = 0
configure:4286: /usr/lib/ccache/g++ -v >&5
Using built-in specs.
COLLECT_GCC=/usr/bin/g++
COLLECT_LTO_WRAPPER=/usr/lib/gcc/x86_64-linux-gnu/5/lto-wrapper
Target: x86_64-linux-gnu
Configured with: ../src/configure -v --with-pkgversion='Ubuntu 5.4.0-6ubuntu1~16.04.5' --with-bugurl=file:///usr/share/doc/gcc-5/README.Bugs --enable-languages=c,ada,c++,java,go,d,fortran,objc,obj-c++ --prefix=/usr --program-suffix=-5 --enable-shared --enable-linker-build-id --libexecdir=/usr/lib --without-included-gettext --enable-threads=posix --libdir=/usr/lib --enable-nls --with-sysroot=/ --enable-clocale=gnu --enable-libstdcxx-debug --enable-libstdcxx-time=yes --with-default-libstdcxx-abi=new --enable-gnu-unique-object --disable-vtable-verify --enable-libmpx --enable-plugin --with-system-zlib --disable-browser-plugin --enable-java-awt=gtk --enable-gtk-cairo --with-java-home=/usr/lib/jvm/java-1.5.0-gcj-5-amd64/jre --enable-java-home --with-jvm-root-dir=/usr/lib/jvm/java-1.5.0-gcj-5-amd64 --with-jvm-jar-dir=/usr/lib/jvm-exports/java-1.5.0-gcj-5-amd64 --with-arch-directory=amd64 --with-ecj-jar=/usr/share/java/eclipse-ecj.jar --enable-objc-gc --enable-multiarch --disable-werror --with-arch-32=i686 --with-abi=m64 --with-multilib-list=m32,m64,mx32 --enable-multilib --with-tune=generic --enable-checking=release --build=x86_64-linux-gnu --host=x86_64-linux-gnu --target=x86_64-linux-gnu
Thread model: posix
gcc version 5.4.0 20160609 (Ubuntu 5.4.0-6ubuntu1~16.04.5) 
configure:4297: $? = 0
configure:4286: /usr/lib/ccache/g++ -V >&5
g++: error: unrecognized command line option '-V'
g++: fatal error: no input files
compilation terminated.
configure:4297: $? = 1
configure:4286: /usr/lib/ccache/g++ -qversion >&5
g++: error: unrecognized command line option '-qversion'
g++: fatal error: no input files
compilation terminated.
configure:4297: $? = 1
configure:4301: checking whether we are using the GNU C++ compiler
configure:4320: /usr/lib/ccache/g++ -c  -std=c++11  -fno-exceptions -funsigned-char conftest.cpp >&5
configure:4320: $? = 0
configure:4329: result: yes
configure:4338: checking whether /usr/lib/ccache/g++ accepts -g
configure:4358: /usr/lib/ccache/g++ -c -g  -fno-exceptions -funsigned-char conftest.cpp >&5
configure:4358: $? = 0
configure:4399: result: yes
configure:4424: checking dependency style of /usr/lib/ccache/g++
configure:4535: result: gcc3
configure:4610: checking build system type
configure:4624: result: x86_64-unknown-linux-gnu
configure:4644: checking host system type
configure:4657: result: x86_64-unknown-linux-gnu
configure:4698: checking how to print strings
configure:4725: result: printf
configure:4746: checking for a sed that does not truncate output
configure:4810: result: /bin/sed
configure:4828: checking for grep that handles long lines and -e
configure:4886: result: /bin/grep
configure:4891: checking for egrep
configure:4953: result: /bin/grep -E
configure:4958: checking for fgrep
configure:5020: result: /bin/grep -F
configure:5055: checking for ld used by /usr/lib/ccache/gcc
configure:5122: result: ld.gold
configure:5129: checking if the linker (ld.gold) is GNU ld
configure:5144: result: yes
configure:5156: checking for BSD- or MS-compatible name lister (nm)
configure:5205: result: /usr/bin/nm -B
configure:5335: checking the name lister (/usr/bin/nm -B) interface
configure:5342: /usr/lib/ccache/gcc -c -g -O2  -fno-exceptions -funsigned-char conftest.c >&5
configure:5345: /usr/bin/nm -B "conftest.o"
configure:5348: output
0000000000000000 B some_variable
configure:5355: result: BSD nm
configure:5358: checking whether ln -s works
configure:5362: result: yes
configure:5370: checking the maximum length of command line arguments
configure:5501: result: 1572864
configure:5518: checking whether the shell understands some XSI constructs
configure:5528: result: yes
configure:5532: checking whether the shell understands "+="
configure:5538: result: yes
configure:5573: checking how to convert x86_64-unknown-linux-gnu file names to x86_64-unknown-linux-gnu format
configure:5613: result: func_convert_file_noop
configure:5620: checking how to convert x86_64-unknown-linux-gnu file names to toolchain format
configure:5640: result: func_convert_file_noop
configure:5647: checking for ld.gold option to reload object files
configure:5654: result: -r
configure:5728: checking for objdump
configure:5744: found /usr/bin/objdump
configure:5755: result: objdump
configure:5787: checking how to recognize dependent libraries
configure:5985: result: pass_all
configure:6070: checking for dlltool
configure:6100: result: no
configure:6130: checking how to associate runtime and link libraries
configure:6157: result: printf %s\n
configure:6281: checking for archiver @FILE support
configure:6298: /usr/lib/ccache/gcc -c -g -O2  -fno-exceptions -funsigned-char conftest.c >&5
configure:6298: $? = 0
configure:6301: ar cru libconftest.a @conftest.lst >&5
ar: `u' modifier ignored since `D' is the default (see `U')
configure:6304: $? = 0
configure:6309: ar cru libconftest.a @conftest.lst >&5
ar: `u' modifier ignored since `D' is the default (see `U')
ar: conftest.o: No such file or directory
configure:6312: $? = 1
configure:6324: result: @
configure:6382: checking for strip
configure:6398: found /usr/bin/strip
configure:6409: result: strip
configure:6481: checking for ranlib
configure:6497: found /usr/bin/ranlib
configure:6508: result: ranlib
configure:6610: checking command to parse /usr/bin/nm -B output from /usr/lib/ccache/gcc object
configure:6730: /usr/lib/ccache/gcc -c -g -O2  -fno-exceptions -funsigned-char conftest.c >&5
configure:6733: $? = 0
configure:6737: /usr/bin/nm -B conftest.o \| sed -n -e 's/^.*[ ]\([ABCDGIRSTW][ABCDGIRSTW]*\)[ ][ ]*\([_A-Za-z][_A-Za-z0-9]*\)$/\1 \2 \2/p' | sed '/ __gnu_lto/d' \> conftest.nm
configure:6740: $? = 0
configure:6806: /usr/lib/ccache/gcc -o conftest -g -O2  -fno-exceptions -funsigned-char  conftest.c conftstm.o >&5
configure:6809: $? = 0
configure:6847: result: ok
configure:6884: checking for sysroot
configure:6914: result: no
configure:6991: /usr/lib/ccache/gcc -c -g -O2  -fno-exceptions -funsigned-char conftest.c >&5
configure:6994: $? = 0
configure:7183: checking for mt
configure:7199: found /bin/mt
configure:7210: result: mt
configure:7233: checking if mt is a manifest tool
configure:7239: mt '-?'
configure:7247: result: no
configure:7889: checking how to run the C preprocessor
configure:7920: /usr/lib/ccache/gcc -E  -fno-exceptions -funsigned-char conftest.c
configure:7920: $? = 0
configure:7934: /usr/lib/ccache/gcc -E  -fno-exceptions -funsigned-char conftest.c
conftest.c:11:28: fatal error: ac_nonexistent.h: No such file or directory
compilation terminated.
configure:7934: $? = 1
configure: failed program was:
| /* confdefs.h */
| #define PACKAGE_NAME "OpenFst"
| #define PACKAGE_TARNAME "openfst"
| #define PACKAGE_VERSION "1.6.5"
| #define PACKAGE_STRING "OpenFst 1.6.5"
| #define PACKAGE_BUGREPORT "help@www.openfst.org"
| #define PACKAGE_URL ""
| #define PACKAGE "openfst"
| #define VERSION "1.6.5"
| /* end confdefs.h.  */
| #include <ac_nonexistent.h>
configure:7959: result: /usr/lib/ccache/gcc -E
configure:7979: /usr/lib/ccache/gcc -E  -fno-exceptions -funsigned-char conftest.c
configure:7979: $? = 0
configure:7993: /usr/lib/ccache/gcc -E  -fno-exceptions -funsigned-char conftest.c
conftest.c:11:28: fatal error: ac_nonexistent.h: No such file or directory
compilation terminated.
configure:7993: $? = 1
configure: failed program was:
| /* confdefs.h */
| #define PACKAGE_NAME "OpenFst"
| #define PACKAGE_TARNAME "openfst"
| #define PACKAGE_VERSION "1.6.5"
| #define PACKAGE_STRING "OpenFst 1.6.5"
| #define PACKAGE_BUGREPORT "help@www.openfst.org"
| #define PACKAGE_URL ""
| #define PACKAGE "openfst"
| #define VERSION "1.6.5"
| /* end confdefs.h.  */
| #include <ac_nonexistent.h>
configure:8022: checking for ANSI C header files
configure:8042: /usr/lib/ccache/gcc -c -g -O2  -fno-exceptions -funsigned-char conftest.c >&5
configure:8042: $? = 0
configure:8115: /usr/lib/ccache/gcc -o conftest -g -O2  -fno-exceptions -funsigned-char  conftest.c  >&5
configure:8115: $? = 0
configure:8115: ./conftest
configure:8115: $? = 0
configure:8126: result: yes
configure:8139: checking for sys/types.h
configure:8139: /usr/lib/ccache/gcc -c -g -O2  -fno-exceptions -funsigned-char conftest.c >&5
configure:8139: $? = 0
configure:8139: result: yes
configure:8139: checking for sys/stat.h
configure:8139: /usr/lib/ccache/gcc -c -g -O2  -fno-exceptions -funsigned-char conftest.c >&5
configure:8139: $? = 0
configure:8139: result: yes
configure:8139: checking for stdlib.h
configure:8139: /usr/lib/ccache/gcc -c -g -O2  -fno-exceptions -funsigned-char conftest.c >&5
configure:8139: $? = 0
configure:8139: result: yes
configure:8139: checking for string.h
configure:8139: /usr/lib/ccache/gcc -c -g -O2  -fno-exceptions -funsigned-char conftest.c >&5
configure:8139: $? = 0
configure:8139: result: yes
configure:8139: checking for memory.h
configure:8139: /usr/lib/ccache/gcc -c -g -O2  -fno-exceptions -funsigned-char conftest.c >&5
configure:8139: $? = 0
configure:8139: result: yes
configure:8139: checking for strings.h
configure:8139: /usr/lib/ccache/gcc -c -g -O2  -fno-exceptions -funsigned-char conftest.c >&5
configure:8139: $? = 0
configure:8139: result: yes
configure:8139: checking for inttypes.h
configure:8139: /usr/lib/ccache/gcc -c -g -O2  -fno-exceptions -funsigned-char conftest.c >&5
configure:8139: $? = 0
configure:8139: result: yes
configure:8139: checking for stdint.h
configure:8139: /usr/lib/ccache/gcc -c -g -O2  -fno-exceptions -funsigned-char conftest.c >&5
configure:8139: $? = 0
configure:8139: result: yes
configure:8139: checking for unistd.h
configure:8139: /usr/lib/ccache/gcc -c -g -O2  -fno-exceptions -funsigned-char conftest.c >&5
configure:8139: $? = 0
configure:8139: result: yes
configure:8153: checking for dlfcn.h
configure:8153: /usr/lib/ccache/gcc -c -g -O2  -fno-exceptions -funsigned-char conftest.c >&5
configure:8153: $? = 0
configure:8153: result: yes
configure:8340: checking for objdir
configure:8355: result: .libs
configure:8626: checking if /usr/lib/ccache/gcc supports -fno-rtti -fno-exceptions
configure:8644: /usr/lib/ccache/gcc -c -g -O2  -fno-exceptions -funsigned-char -fno-rtti -fno-exceptions conftest.c >&5
cc1: warning: command line option '-fno-rtti' is valid for C++/ObjC++ but not for C
cc1: warning: command line option '-fno-rtti' is valid for C++/ObjC++ but not for C
configure:8648: $? = 0
configure:8661: result: no
configure:8988: checking for /usr/lib/ccache/gcc option to produce PIC
configure:8995: result: -fPIC -DPIC
configure:9003: checking if /usr/lib/ccache/gcc PIC flag -fPIC -DPIC works
configure:9021: /usr/lib/ccache/gcc -c -g -O2  -fno-exceptions -funsigned-char -fPIC -DPIC -DPIC conftest.c >&5
configure:9025: $? = 0
configure:9038: result: yes
configure:9067: checking if /usr/lib/ccache/gcc static flag -static works
configure:9095: result: yes
configure:9110: checking if /usr/lib/ccache/gcc supports -c -o file.o
configure:9131: /usr/lib/ccache/gcc -c -g -O2  -fno-exceptions -funsigned-char -o out/conftest2.o conftest.c >&5
configure:9135: $? = 0
configure:9157: result: yes
configure:9165: checking if /usr/lib/ccache/gcc supports -c -o file.o
configure:9212: result: yes
configure:9245: checking whether the /usr/lib/ccache/gcc linker (ld.gold -m elf_x86_64) supports shared libraries
configure:10402: result: yes
configure:10439: checking whether -lc should be explicitly linked in
configure:10447: /usr/lib/ccache/gcc -c -g -O2  -fno-exceptions -funsigned-char conftest.c >&5
configure:10450: $? = 0
configure:10465: /usr/lib/ccache/gcc -shared  -fPIC -DPIC conftest.o  -v -Wl,-soname -Wl,conftest -o conftest 2\>\&1 \| /bin/grep  -lc  \>/dev/null 2\>\&1
configure:10468: $? = 0
configure:10482: result: no
configure:10642: checking dynamic linker characteristics
configure:11142: /usr/lib/ccache/gcc -o conftest -g -O2  -fno-exceptions -funsigned-char  -Wl,-rpath -Wl,/foo conftest.c  >&5
configure:11142: $? = 0
configure:11376: result: GNU/Linux ld.so
configure:11483: checking how to hardcode library paths into programs
configure:11508: result: immediate
configure:12048: checking whether stripping libraries is possible
configure:12053: result: yes
configure:12088: checking if libtool supports shared libraries
configure:12090: result: yes
configure:12093: checking whether to build shared libraries
configure:12114: result: yes
configure:12117: checking whether to build static libraries
configure:12121: result: no
configure:12144: checking how to run the C++ preprocessor
configure:12171: /usr/lib/ccache/g++ -E  -fno-exceptions -funsigned-char conftest.cpp
configure:12171: $? = 0
configure:12185: /usr/lib/ccache/g++ -E  -fno-exceptions -funsigned-char conftest.cpp
conftest.cpp:23:28: fatal error: ac_nonexistent.h: No such file or directory
compilation terminated.
configure:12185: $? = 1
configure: failed program was:
| /* confdefs.h */
| #define PACKAGE_NAME "OpenFst"
| #define PACKAGE_TARNAME "openfst"
| #define PACKAGE_VERSION "1.6.5"
| #define PACKAGE_STRING "OpenFst 1.6.5"
| #define PACKAGE_BUGREPORT "help@www.openfst.org"
| #define PACKAGE_URL ""
| #define PACKAGE "openfst"
| #define VERSION "1.6.5"
| #define STDC_HEADERS 1
| #define HAVE_SYS_TYPES_H 1
| #define HAVE_SYS_STAT_H 1
| #define HAVE_STDLIB_H 1
| #define HAVE_STRING_H 1
| #define HAVE_MEMORY_H 1
| #define HAVE_STRINGS_H 1
| #define HAVE_INTTYPES_H 1
| #define HAVE_STDINT_H 1
| #define HAVE_UNISTD_H 1
| #define HAVE_DLFCN_H 1
| #define LT_OBJDIR ".libs/"
| /* end confdefs.h.  */
| #include <ac_nonexistent.h>
configure:12210: result: /usr/lib/ccache/g++ -E
configure:12230: /usr/lib/ccache/g++ -E  -fno-exceptions -funsigned-char conftest.cpp
configure:12230: $? = 0
configure:12244: /usr/lib/ccache/g++ -E  -fno-exceptions -funsigned-char conftest.cpp
conftest.cpp:23:28: fatal error: ac_nonexistent.h: No such file or directory
compilation terminated.
configure:12244: $? = 1
configure: failed program was:
| /* confdefs.h */
| #define PACKAGE_NAME "OpenFst"
| #define PACKAGE_TARNAME "openfst"
| #define PACKAGE_VERSION "1.6.5"
| #define PACKAGE_STRING "OpenFst 1.6.5"
| #define PACKAGE_BUGREPORT "help@www.openfst.org"
| #define PACKAGE_URL ""
| #define PACKAGE "openfst"
| #define VERSION "1.6.5"
| #define STDC_HEADERS 1
| #define HAVE_SYS_TYPES_H 1
| #define HAVE_SYS_STAT_H 1
| #define HAVE_STDLIB_H 1
| #define HAVE_STRING_H 1
| #define HAVE_MEMORY_H 1
| #define HAVE_STRINGS_H 1
| #define HAVE_INTTYPES_H 1
| #define HAVE_STDINT_H 1
| #define HAVE_UNISTD_H 1
| #define HAVE_DLFCN_H 1
| #define LT_OBJDIR ".libs/"
| /* end confdefs.h.  */
| #include <ac_nonexistent.h>
configure:12413: checking for ld used by /usr/lib/ccache/g++
configure:12480: result: ld.gold -m elf_x86_64
configure:12487: checking if the linker (ld.gold -m elf_x86_64) is GNU ld
configure:12502: result: yes
configure:12557: checking whether the /usr/lib/ccache/g++ linker (ld.gold -m elf_x86_64) supports shared libraries
configure:13559: result: yes
configure:13595: /usr/lib/ccache/g++ -c  -std=c++11  -fno-exceptions -funsigned-char conftest.cpp >&5
configure:13598: $? = 0
configure:14118: checking for /usr/lib/ccache/g++ option to produce PIC
configure:14125: result: -fPIC -DPIC
configure:14133: checking if /usr/lib/ccache/g++ PIC flag -fPIC -DPIC works
configure:14151: /usr/lib/ccache/g++ -c  -std=c++11  -fno-exceptions -funsigned-char -fPIC -DPIC -DPIC conftest.cpp >&5
configure:14155: $? = 0
configure:14168: result: yes
configure:14191: checking if /usr/lib/ccache/g++ static flag -static works
configure:14219: result: yes
configure:14231: checking if /usr/lib/ccache/g++ supports -c -o file.o
configure:14252: /usr/lib/ccache/g++ -c  -std=c++11  -fno-exceptions -funsigned-char -o out/conftest2.o conftest.cpp >&5
configure:14256: $? = 0
configure:14278: result: yes
configure:14283: checking if /usr/lib/ccache/g++ supports -c -o file.o
configure:14330: result: yes
configure:14360: checking whether the /usr/lib/ccache/g++ linker (ld.gold -m elf_x86_64) supports shared libraries
configure:14399: result: yes
configure:14540: checking dynamic linker characteristics
configure:15208: result: GNU/Linux ld.so
configure:15261: checking how to hardcode library paths into programs
configure:15286: result: immediate
configure:15556: checking for a Python interpreter with version >= 2.7
configure:15573: python -c import sys # split strings by '.' and convert to numeric. Append some zeros # because we need at least 4 digits for the hex conversion. # map returns an iterator in Python 3.0 and a list in 2.x minver = list(map(int, '2.7'.split('.'))) + [0, 0, 0] minverhex = 0 # xrange is not present in Python 3.0 and range returns an iterator for i in list(range(0, 4)): minverhex = (minverhex << 8) + minver[i] sys.exit(sys.hexversion < minverhex)
configure:15576: $? = 0
configure:15582: result: python
configure:15590: checking for python
configure:15608: found /home/galv/miniconda2/bin/python
configure:15620: result: /home/galv/miniconda2/bin/python
configure:15638: checking for python version
configure:15645: result: 2.7
configure:15657: checking for python platform
configure:15664: result: linux2
configure:15690: checking for python script directory
configure:15725: result: ${prefix}/lib/python2.7/site-packages
configure:15734: checking for python extension module directory
configure:15769: result: ${exec_prefix}/lib/python2.7/site-packages
configure:15790: checking for python2.7
configure:15820: result: /home/galv/miniconda2/bin/python
configure:15836: checking for a version of Python >= '2.1.0'
configure:15862: result: yes
configure:15870: checking for a version of Python >= '2.7'
configure:15876: result: yes
configure:15893: checking for the distutils Python package
configure:15897: result: yes
configure:15911: checking for Python include path
configure:15921: result: -I/home/galv/miniconda2/include/python2.7
configure:15928: checking for Python library path
configure:15950: result: -L/home/galv/miniconda2/lib/python2.7 -lpython2.7
configure:15957: checking for Python site-packages path
configure:15963: result: /home/galv/miniconda2/lib/python2.7/site-packages
configure:15970: checking python extra libraries
configure:15977: result:  -lpthread -ldl -lutil
configure:15984: checking python extra linking flags
configure:15991: result: -Xlinker -export-dynamic
configure:15998: checking consistency of all components of python development environment
configure:16024: /usr/lib/ccache/gcc -o conftest -g -O2  -I/home/galv/miniconda2/include/python2.7  conftest.c  -L/home/galv/miniconda2/lib/python2.7 -lpython2.7 >&5
configure:16024: $? = 0
configure:16032: result: yes
configure:16135: checking for dlopen in -ldl
configure:16160: /usr/lib/ccache/g++ -o conftest  -std=c++11   conftest.cpp -ldl   >&5
configure:16160: $? = 0
configure:16169: result: yes
configure:16286: checking that generated files are newer than configure
configure:16292: result: done
configure:16375: creating ./config.status

## ---------------------- ##
## Running config.status. ##
## ---------------------- ##

This file was extended by OpenFst config.status 1.6.5, which was
generated by GNU Autoconf 2.69.  Invocation command line was

  CONFIG_FILES    = 
  CONFIG_HEADERS  = 
  CONFIG_LINKS    = 
  CONFIG_COMMANDS = 
  $ ./config.status 

on training-Silverback-WS

config.status:1207: creating Makefile
config.status:1207: creating src/Makefile
config.status:1207: creating src/include/Makefile
config.status:1207: creating src/lib/Makefile
config.status:1207: creating src/bin/Makefile
config.status:1207: creating src/test/Makefile
config.status:1207: creating src/extensions/Makefile
config.status:1207: creating src/extensions/compact/Makefile
config.status:1207: creating src/extensions/compress/Makefile
config.status:1207: creating src/extensions/const/Makefile
config.status:1207: creating src/extensions/far/Makefile
config.status:1207: creating src/extensions/linear/Makefile
config.status:1207: creating src/extensions/lookahead/Makefile
config.status:1207: creating src/extensions/mpdt/Makefile
config.status:1207: creating src/extensions/ngram/Makefile
config.status:1207: creating src/extensions/pdt/Makefile
config.status:1207: creating src/extensions/python/Makefile
config.status:1207: creating src/extensions/special/Makefile
config.status:1207: creating src/script/Makefile
config.status:1207: creating config.h
config.status:1388: config.h is unchanged
config.status:1207: creating src/include/fst/config.h
config.status:1388: src/include/fst/config.h is unchanged
config.status:1436: executing depfiles commands
config.status:1436: executing libtool commands

## ---------------- ##
## Cache variables. ##
## ---------------- ##

ac_cv_build=x86_64-unknown-linux-gnu
ac_cv_c_compiler_gnu=yes
ac_cv_cxx_compiler_gnu=yes
ac_cv_env_CCC_set=
ac_cv_env_CCC_value=
ac_cv_env_CC_set=set
ac_cv_env_CC_value=/usr/lib/ccache/gcc
ac_cv_env_CFLAGS_set=
ac_cv_env_CFLAGS_value=
ac_cv_env_CPPFLAGS_set=
ac_cv_env_CPPFLAGS_value=
ac_cv_env_CPP_set=
ac_cv_env_CPP_value=
ac_cv_env_CXXCPP_set=
ac_cv_env_CXXCPP_value=
ac_cv_env_CXXFLAGS_set=
ac_cv_env_CXXFLAGS_value=
ac_cv_env_CXX_set=set
ac_cv_env_CXX_value=/usr/lib/ccache/g++
ac_cv_env_LDFLAGS_set=
ac_cv_env_LDFLAGS_value=
ac_cv_env_LIBS_set=
ac_cv_env_LIBS_value=
ac_cv_env_PYTHON_VERSION_set=
ac_cv_env_PYTHON_VERSION_value=
ac_cv_env_PYTHON_set=
ac_cv_env_PYTHON_value=
ac_cv_env_build_alias_set=
ac_cv_env_build_alias_value=
ac_cv_env_host_alias_set=
ac_cv_env_host_alias_value=
ac_cv_env_target_alias_set=
ac_cv_env_target_alias_value=
ac_cv_header_dlfcn_h=yes
ac_cv_header_inttypes_h=yes
ac_cv_header_memory_h=yes
ac_cv_header_stdc=yes
ac_cv_header_stdint_h=yes
ac_cv_header_stdlib_h=yes
ac_cv_header_string_h=yes
ac_cv_header_strings_h=yes
ac_cv_header_sys_stat_h=yes
ac_cv_header_sys_types_h=yes
ac_cv_header_unistd_h=yes
ac_cv_host=x86_64-unknown-linux-gnu
ac_cv_lib_dl_dlopen=yes
ac_cv_objext=o
ac_cv_path_EGREP='/bin/grep -E'
ac_cv_path_FGREP='/bin/grep -F'
ac_cv_path_GREP=/bin/grep
ac_cv_path_PYTHON=/home/galv/miniconda2/bin/python
ac_cv_path_SED=/bin/sed
ac_cv_path_install='/usr/bin/install -c'
ac_cv_path_mkdir=/bin/mkdir
ac_cv_prog_AWK=gawk
ac_cv_prog_CPP='/usr/lib/ccache/gcc -E'
ac_cv_prog_CXXCPP='/usr/lib/ccache/g++ -E'
ac_cv_prog_ac_ct_AR=ar
ac_cv_prog_ac_ct_CC=/usr/lib/ccache/gcc
ac_cv_prog_ac_ct_MANIFEST_TOOL=mt
ac_cv_prog_ac_ct_OBJDUMP=objdump
ac_cv_prog_ac_ct_RANLIB=ranlib
ac_cv_prog_ac_ct_STRIP=strip
ac_cv_prog_cc_c89=
ac_cv_prog_cc_g=yes
ac_cv_prog_cxx_g=yes
ac_cv_prog_make_make_set=yes
am_cv_CC_dependencies_compiler_type=gcc3
am_cv_CXX_dependencies_compiler_type=gcc3
am_cv_ar_interface=ar
am_cv_make_support_nested_variables=yes
am_cv_pathless_PYTHON=python
am_cv_prog_cc_c_o=yes
am_cv_python_platform=linux2
am_cv_python_pyexecdir='${exec_prefix}/lib/python2.7/site-packages'
am_cv_python_pythondir='${prefix}/lib/python2.7/site-packages'
am_cv_python_version=2.7
lt_cv_ar_at_file=@
lt_cv_archive_cmds_need_lc=no
lt_cv_deplibs_check_method=pass_all
lt_cv_file_magic_cmd='$MAGIC_CMD'
lt_cv_file_magic_test_file=
lt_cv_ld_reload_flag=-r
lt_cv_nm_interface='BSD nm'
lt_cv_objdir=.libs
lt_cv_path_LD=ld.gold
lt_cv_path_LDCXX='ld.gold -m elf_x86_64'
lt_cv_path_NM='/usr/bin/nm -B'
lt_cv_path_mainfest_tool=no
lt_cv_prog_compiler_c_o=yes
lt_cv_prog_compiler_c_o_CXX=yes
lt_cv_prog_compiler_pic='-fPIC -DPIC'
lt_cv_prog_compiler_pic_CXX='-fPIC -DPIC'
lt_cv_prog_compiler_pic_works=yes
lt_cv_prog_compiler_pic_works_CXX=yes
lt_cv_prog_compiler_rtti_exceptions=no
lt_cv_prog_compiler_static_works=yes
lt_cv_prog_compiler_static_works_CXX=yes
lt_cv_prog_gnu_ld=yes
lt_cv_prog_gnu_ldcxx=yes
lt_cv_sharedlib_from_linklib_cmd='printf %s\n'
lt_cv_shlibpath_overrides_runpath=no
lt_cv_sys_global_symbol_pipe='sed -n -e '\''s/^.*[	 ]\([ABCDGIRSTW][ABCDGIRSTW]*\)[	 ][	 ]*\([_A-Za-z][_A-Za-z0-9]*\)$/\1 \2 \2/p'\'' | sed '\''/ __gnu_lto/d'\'''
lt_cv_sys_global_symbol_to_c_name_address='sed -n -e '\''s/^: \([^ ]*\)[ ]*$/  {\"\1\", (void *) 0},/p'\'' -e '\''s/^[ABCDGIRSTW]* \([^ ]*\) \([^ ]*\)$/  {"\2", (void *) \&\2},/p'\'''
lt_cv_sys_global_symbol_to_c_name_address_lib_prefix='sed -n -e '\''s/^: \([^ ]*\)[ ]*$/  {\"\1\", (void *) 0},/p'\'' -e '\''s/^[ABCDGIRSTW]* \([^ ]*\) \(lib[^ ]*\)$/  {"\2", (void *) \&\2},/p'\'' -e '\''s/^[ABCDGIRSTW]* \([^ ]*\) \([^ ]*\)$/  {"lib\2", (void *) \&\2},/p'\'''
lt_cv_sys_global_symbol_to_cdecl='sed -n -e '\''s/^T .* \(.*\)$/extern int \1();/p'\'' -e '\''s/^[ABCDGIRSTW]* .* \(.*\)$/extern char \1;/p'\'''
lt_cv_sys_max_cmd_len=1572864
lt_cv_to_host_file_cmd=func_convert_file_noop
lt_cv_to_tool_file_cmd=func_convert_file_noop

## ----------------- ##
## Output variables. ##
## ----------------- ##

ACLOCAL='${SHELL} /home/galv/development/galvASR/third_party/kaldi/kaldi/tools/openfst/missing aclocal-1.14'
AMDEPBACKSLASH='\'
AMDEP_FALSE='#'
AMDEP_TRUE=''
AMTAR='$${TAR-tar}'
AM_BACKSLASH='\'
AM_DEFAULT_V='$(AM_DEFAULT_VERBOSITY)'
AM_DEFAULT_VERBOSITY='1'
AM_V='$(V)'
AR='ar'
AUTOCONF='${SHELL} /home/galv/development/galvASR/third_party/kaldi/kaldi/tools/openfst/missing autoconf'
AUTOHEADER='${SHELL} /home/galv/development/galvASR/third_party/kaldi/kaldi/tools/openfst/missing autoheader'
AUTOMAKE='${SHELL} /home/galv/development/galvASR/third_party/kaldi/kaldi/tools/openfst/missing automake-1.14'
AWK='gawk'
CC='/usr/lib/ccache/gcc'
CCDEPMODE='depmode=gcc3'
CFLAGS='-g -O2'
CPP='/usr/lib/ccache/gcc -E'
CPPFLAGS=''
CXX='/usr/lib/ccache/g++'
CXXCPP='/usr/lib/ccache/g++ -E'
CXXDEPMODE='depmode=gcc3'
CXXFLAGS=' -std=c++11'
CYGPATH_W='echo'
DEFS='-DHAVE_CONFIG_H'
DEPDIR='.deps'
DLLTOOL='false'
DL_LIBS='-ldl'
DSYMUTIL=''
DUMPBIN=''
ECHO_C=''
ECHO_N='-n'
ECHO_T=''
EGREP='/bin/grep -E'
EXEEXT=''
FGREP='/bin/grep -F'
GREP='/bin/grep'
HAVE_BIN_FALSE='#'
HAVE_BIN_TRUE=''
HAVE_COMPACT_FALSE=''
HAVE_COMPACT_TRUE='#'
HAVE_COMPRESS_FALSE=''
HAVE_COMPRESS_TRUE='#'
HAVE_CONST_FALSE=''
HAVE_CONST_TRUE='#'
HAVE_FAR_FALSE=''
HAVE_FAR_TRUE='#'
HAVE_GRM_FALSE=''
HAVE_GRM_TRUE='#'
HAVE_LINEAR_FALSE=''
HAVE_LINEAR_TRUE='#'
HAVE_LOOKAHEAD_FALSE=''
HAVE_LOOKAHEAD_TRUE='#'
HAVE_MPDT_FALSE=''
HAVE_MPDT_TRUE='#'
HAVE_NGRAM_FALSE=''
HAVE_NGRAM_TRUE='#'
HAVE_PDT_FALSE=''
HAVE_PDT_TRUE='#'
HAVE_PYTHON_FALSE='#'
HAVE_PYTHON_TRUE=''
HAVE_SCRIPT_FALSE='#'
HAVE_SCRIPT_TRUE=''
HAVE_SPECIAL_FALSE=''
HAVE_SPECIAL_TRUE='#'
INSTALL_DATA='${INSTALL} -m 644'
INSTALL_PROGRAM='${INSTALL}'
INSTALL_SCRIPT='${INSTALL}'
INSTALL_STRIP_PROGRAM='$(install_sh) -c -s'
LD='ld.gold -m elf_x86_64'
LDFLAGS=''
LIBOBJS=''
LIBS=''
LIBTOOL='$(SHELL) $(top_builddir)/libtool'
LIPO=''
LN_S='ln -s'
LTLIBOBJS=''
MAKEINFO='${SHELL} /home/galv/development/galvASR/third_party/kaldi/kaldi/tools/openfst/missing makeinfo'
MANIFEST_TOOL=':'
MKDIR_P='/bin/mkdir -p'
NM='/usr/bin/nm -B'
NMEDIT=''
OBJDUMP='objdump'
OBJEXT='o'
OTOOL64=''
OTOOL=''
PACKAGE='openfst'
PACKAGE_BUGREPORT='help@www.openfst.org'
PACKAGE_NAME='OpenFst'
PACKAGE_STRING='OpenFst 1.6.5'
PACKAGE_TARNAME='openfst'
PACKAGE_URL=''
PACKAGE_VERSION='1.6.5'
PATH_SEPARATOR=':'
PYTHON='/home/galv/miniconda2/bin/python'
PYTHON_CPPFLAGS='-I/home/galv/miniconda2/include/python2.7'
PYTHON_EXEC_PREFIX='${exec_prefix}'
PYTHON_EXTRA_LDFLAGS='-Xlinker -export-dynamic'
PYTHON_EXTRA_LIBS=' -lpthread -ldl -lutil'
PYTHON_LDFLAGS='-L/home/galv/miniconda2/lib/python2.7 -lpython2.7'
PYTHON_PLATFORM='linux2'
PYTHON_PREFIX='${prefix}'
PYTHON_SITE_PKG='/home/galv/miniconda2/lib/python2.7/site-packages'
PYTHON_VERSION='2.7'
RANLIB='ranlib'
SED='/bin/sed'
SET_MAKE=''
SHELL='/bin/sh'
STRIP='strip'
VERSION='1.6.5'
ac_ct_AR='ar'
ac_ct_CC='/usr/lib/ccache/gcc'
ac_ct_CXX=''
ac_ct_DUMPBIN=''
am__EXEEXT_FALSE=''
am__EXEEXT_TRUE='#'
am__fastdepCC_FALSE='#'
am__fastdepCC_TRUE=''
am__fastdepCXX_FALSE='#'
am__fastdepCXX_TRUE=''
am__include='include'
am__isrc=''
am__leading_dot='.'
am__nodep='_no'
am__quote=''
am__tar='$${TAR-tar} chof - "$$tardir"'
am__untar='$${TAR-tar} xf -'
bindir='${exec_prefix}/bin'
build='x86_64-unknown-linux-gnu'
build_alias=''
build_cpu='x86_64'
build_os='linux-gnu'
build_vendor='unknown'
datadir='${datarootdir}'
datarootdir='${prefix}/share'
docdir='${datarootdir}/doc/${PACKAGE_TARNAME}'
dvidir='${docdir}'
exec_prefix='${prefix}'
host='x86_64-unknown-linux-gnu'
host_alias=''
host_cpu='x86_64'
host_os='linux-gnu'
host_vendor='unknown'
htmldir='${docdir}'
includedir='${prefix}/include'
infodir='${datarootdir}/info'
install_sh='${SHELL} /home/galv/development/galvASR/third_party/kaldi/kaldi/tools/openfst/install-sh'
libdir='${exec_prefix}/lib'
libexecdir='${exec_prefix}/libexec'
libfstdir='${exec_prefix}/lib/fst'
localedir='${datarootdir}/locale'
localstatedir='${prefix}/var'
mandir='${datarootdir}/man'
mkdir_p='$(MKDIR_P)'
oldincludedir='/usr/include'
pdfdir='${docdir}'
pkgpyexecdir='${pyexecdir}/openfst'
pkgpythondir='${pythondir}/openfst'
prefix='/usr/local'
program_transform_name='s,x,x,'
psdir='${docdir}'
pyexecdir='${exec_prefix}/lib/python2.7/site-packages'
pythondir='${prefix}/lib/python2.7/site-packages'
runstatedir='${localstatedir}/run'
sbindir='${exec_prefix}/sbin'
sharedstatedir='${prefix}/com'
sysconfdir='${prefix}/etc'
target_alias=''

## ----------- ##
## confdefs.h. ##
## ----------- ##

/* confdefs.h */
#define PACKAGE_NAME "OpenFst"
#define PACKAGE_TARNAME "openfst"
#define PACKAGE_VERSION "1.6.5"
#define PACKAGE_STRING "OpenFst 1.6.5"
#define PACKAGE_BUGREPORT "help@www.openfst.org"
#define PACKAGE_URL ""
#define PACKAGE "openfst"
#define VERSION "1.6.5"
#define STDC_HEADERS 1
#define HAVE_SYS_TYPES_H 1
#define HAVE_SYS_STAT_H 1
#define HAVE_STDLIB_H 1
#define HAVE_STRING_H 1
#define HAVE_MEMORY_H 1
#define HAVE_STRINGS_H 1
#define HAVE_INTTYPES_H 1
#define HAVE_STDINT_H 1
#define HAVE_UNISTD_H 1
#define HAVE_DLFCN_H 1
#define LT_OBJDIR ".libs/"

configure: exit 0
